[INFO] 14:23:20:658 PLANIFICADOR/(2598:2598): Logger iniciado
[INFO] 14:23:20:658 PLANIFICADOR/(2598:2598): Levantando configuracion
[INFO] 14:23:20:658 PLANIFICADOR/(2598:2598): Configuracion levantada
[INFO] 14:23:20:658 PLANIFICADOR/(2598:2598): Intentando conectar con el coordinador
[INFO] 14:23:20:659 PLANIFICADOR/(2598:2598): esperando conexiones de clientes
[INFO] 14:23:47:162 PLANIFICADOR/(2598:2598): se recibio una nueva conexion
[INFO] 14:23:47:163 PLANIFICADOR/(2598:2598): Get: milanesa
[INFO] 14:23:47:163 PLANIFICADOR/(2598:2598): ESI 6: OK_OPER
[INFO] 14:23:48:164 PLANIFICADOR/(2598:2598): Get: paty
[INFO] 14:23:48:166 PLANIFICADOR/(2598:2598): ESI 6: OK_OPER
[INFO] 14:23:49:165 PLANIFICADOR/(2598:2598): Get: pancho
[INFO] 14:23:49:166 PLANIFICADOR/(2598:2598): ESI 6: OK_OPER
[INFO] 14:23:50:166 PLANIFICADOR/(2598:2598): Get: empanada
[INFO] 14:23:50:167 PLANIFICADOR/(2598:2598): ESI 6: OK_OPER
[INFO] 14:23:51:168 PLANIFICADOR/(2598:2598): Get: pizza
[INFO] 14:23:51:169 PLANIFICADOR/(2598:2598): ESI 6: OK_OPER
[INFO] 14:23:52:170 PLANIFICADOR/(2598:2598): Set: milanesa
[INFO] 14:23:53:218 PLANIFICADOR/(2598:2598): ESI 6: OK_OPER
[INFO] 14:23:53:218 PLANIFICADOR/(2598:2598): Set: paty
[INFO] 14:23:54:267 PLANIFICADOR/(2598:2598): ESI 6: OK_OPER
[INFO] 14:23:54:269 PLANIFICADOR/(2598:2598): Set: pancho
[INFO] 14:23:55:326 PLANIFICADOR/(2598:2598): ESI 6: OK_OPER
[INFO] 14:23:55:326 PLANIFICADOR/(2598:2598): Set: empanada
[INFO] 14:23:56:369 PLANIFICADOR/(2598:2598): ESI 6: OK_OPER
[INFO] 14:23:56:370 PLANIFICADOR/(2598:2598): Set: milanesa
[INFO] 14:23:57:419 PLANIFICADOR/(2598:2598): ESI 6: OK_OPER
[INFO] 14:23:57:420 PLANIFICADOR/(2598:2598): Set: pizza
[INFO] 14:23:58:467 PLANIFICADOR/(2598:2598): ESI 6: OK_OPER
[INFO] 14:23:58:468 PLANIFICADOR/(2598:2598): Store: milanesa
[ERROR] 14:23:58:469 PLANIFICADOR/(2598:2598): Cliente envio un identificador invalido: 11
[ERROR] 14:25:46:212 PLANIFICADOR/(2598:2598): fallo select
[INFO] 14:25:46:212 PLANIFICADOR/(2598:2598): Planificador terminado
[INFO] 14:25:52:24 PLANIFICADOR/(2735:2735): Logger iniciado
[INFO] 14:25:52:25 PLANIFICADOR/(2735:2735): Levantando configuracion
[INFO] 14:25:52:25 PLANIFICADOR/(2735:2735): Configuracion levantada
[INFO] 14:25:52:25 PLANIFICADOR/(2735:2735): Intentando conectar con el coordinador
[INFO] 14:25:52:25 PLANIFICADOR/(2735:2735): esperando conexiones de clientes
[INFO] 14:25:55:183 PLANIFICADOR/(2735:2735): se recibio una nueva conexion
[INFO] 14:25:55:183 PLANIFICADOR/(2735:2735): Get: milanesa
[INFO] 14:25:55:183 PLANIFICADOR/(2735:2735): ESI 6: OK_OPER
[INFO] 14:25:56:184 PLANIFICADOR/(2735:2735): Get: paty
[INFO] 14:25:56:185 PLANIFICADOR/(2735:2735): ESI 6: OK_OPER
[INFO] 14:25:57:186 PLANIFICADOR/(2735:2735): Get: pancho
[INFO] 14:25:57:187 PLANIFICADOR/(2735:2735): ESI 6: OK_OPER
[INFO] 14:25:58:188 PLANIFICADOR/(2735:2735): Get: empanada
[INFO] 14:25:58:188 PLANIFICADOR/(2735:2735): ESI 6: OK_OPER
[INFO] 14:25:59:189 PLANIFICADOR/(2735:2735): Get: pizza
[INFO] 14:25:59:189 PLANIFICADOR/(2735:2735): ESI 6: OK_OPER
[INFO] 14:26:00:191 PLANIFICADOR/(2735:2735): Set: milanesa
[INFO] 14:26:01:236 PLANIFICADOR/(2735:2735): ESI 6: OK_OPER
[INFO] 14:26:01:237 PLANIFICADOR/(2735:2735): Set: paty
[INFO] 14:26:02:286 PLANIFICADOR/(2735:2735): ESI 6: OK_OPER
[INFO] 14:26:02:287 PLANIFICADOR/(2735:2735): Set: pancho
[INFO] 14:26:03:338 PLANIFICADOR/(2735:2735): ESI 6: OK_OPER
[INFO] 14:26:03:339 PLANIFICADOR/(2735:2735): Set: empanada
[INFO] 14:26:04:379 PLANIFICADOR/(2735:2735): ESI 6: OK_OPER
[INFO] 14:26:04:379 PLANIFICADOR/(2735:2735): Set: milanesa
[INFO] 14:26:05:422 PLANIFICADOR/(2735:2735): ESI 6: OK_OPER
[INFO] 14:26:05:424 PLANIFICADOR/(2735:2735): Set: pizza
[INFO] 14:26:06:478 PLANIFICADOR/(2735:2735): ESI 6: OK_OPER
[INFO] 14:26:06:479 PLANIFICADOR/(2735:2735): Store: milanesa
[ERROR] 14:26:06:479 PLANIFICADOR/(2735:2735): Cliente envio un identificador invalido: 11
[ERROR] 14:26:37:915 PLANIFICADOR/(2735:2735): Se desconecto un Esi
[ERROR] 14:26:37:915 PLANIFICADOR/(2735:2735): Cliente envio un identificador invalido: -1
[ERROR] 14:26:38:819 PLANIFICADOR/(2735:2735): Se desconecto el Coordinador, por lo tanto se abortará la ejecución de los ESIS y del planificador
[INFO] 14:26:38:819 PLANIFICADOR/(2735:2735): Planificador terminado
